[2025-09-27 17:36:27,835: INFO: main: Welcome to mlProject]
[2025-09-27 17:37:32,180: INFO: main: Welcome to mlProject]
[2025-09-28 15:33:00,499: INFO: main: >>>>>> stage Data Ingestion stage started <<<<<<]
[2025-09-28 15:33:00,509: INFO: common: yaml file: config\config.yaml loaded successfully]
[2025-09-28 15:33:00,509: INFO: common: yaml file: params.yaml loaded successfully]
[2025-09-28 15:33:00,511: INFO: common: yaml file: schema.yaml loaded successfully]
[2025-09-28 15:33:00,513: INFO: common: created directory at: artifacts]
[2025-09-28 15:33:00,513: INFO: common: created directory at: artifacts/data_ingestion]
[2025-09-28 15:33:02,109: INFO: data_ingestion: artifacts/data_ingestion/data.zip download! with following info: 
Connection: close
Content-Length: 23329
Cache-Control: max-age=300
Content-Security-Policy: default-src 'none'; style-src 'unsafe-inline'; sandbox
Content-Type: application/zip
ETag: "c69888a4ae59bc5a893392785a938ccd4937981c06ba8a9d6a21aa52b4ab5b6e"
Strict-Transport-Security: max-age=31536000
X-Content-Type-Options: nosniff
X-Frame-Options: deny
X-XSS-Protection: 1; mode=block
X-GitHub-Request-Id: 8325:10F851:1C46DC:473F4F:68D904CB
Accept-Ranges: bytes
Date: Sun, 28 Sep 2025 10:03:04 GMT
Via: 1.1 varnish
X-Served-By: cache-bom-vanm7210046-BOM
X-Cache: HIT
X-Cache-Hits: 0
X-Timer: S1759053784.876649,VS0,VE295
Vary: Authorization,Accept-Encoding
Access-Control-Allow-Origin: *
Cross-Origin-Resource-Policy: cross-origin
X-Fastly-Request-ID: f07503d601bbfd5703d9c9346edaf832c34e824f
Expires: Sun, 28 Sep 2025 10:08:04 GMT
Source-Age: 0

]
[2025-09-28 15:33:02,134: INFO: main: >>>>>> stage Data Ingestion stage completed <<<<<<

x==========x]
