[2025-09-28 15:20:00,314: INFO: common: yaml file: config\config.yaml loaded successfully]
[2025-09-28 15:20:00,323: INFO: common: yaml file: params.yaml loaded successfully]
[2025-09-28 15:20:00,324: INFO: common: yaml file: schema.yaml loaded successfully]
[2025-09-28 15:20:00,326: INFO: common: created directory at: artifacts]
[2025-09-28 15:20:00,326: INFO: common: created directory at: artifacts/data_ingestion]
[2025-09-28 15:20:01,712: INFO: 1022420960: artifacts/data_ingestion/data.zip download! with following info: 
Connection: close
Content-Length: 23329
Cache-Control: max-age=300
Content-Security-Policy: default-src 'none'; style-src 'unsafe-inline'; sandbox
Content-Type: application/zip
ETag: "c69888a4ae59bc5a893392785a938ccd4937981c06ba8a9d6a21aa52b4ab5b6e"
Strict-Transport-Security: max-age=31536000
X-Content-Type-Options: nosniff
X-Frame-Options: deny
X-XSS-Protection: 1; mode=block
X-GitHub-Request-Id: 8325:10F851:1C46DC:473F4F:68D904CB
Accept-Ranges: bytes
Date: Sun, 28 Sep 2025 09:50:03 GMT
Via: 1.1 varnish
X-Served-By: cache-bom-vanm7210088-BOM
X-Cache: MISS
X-Cache-Hits: 0
X-Timer: S1759053004.617925,VS0,VE327
Vary: Authorization,Accept-Encoding
Access-Control-Allow-Origin: *
Cross-Origin-Resource-Policy: cross-origin
X-Fastly-Request-ID: b2abd6b63f8fd29beba773163f346478599064e8
Expires: Sun, 28 Sep 2025 09:55:03 GMT
Source-Age: 0

]
